<?xml version="1.0" encoding="UTF-8"?>
<coverage generated="1520296683386" clover="3.2.0">
  <project timestamp="1520296683386" name="All files">
    <metrics statements="88" coveredstatements="83" conditionals="6" coveredconditionals="4" methods="19" coveredmethods="17" elements="113" coveredelements="104" complexity="0" loc="88" ncloc="88" packages="3" files="9" classes="9">
      <package name="client.src.components">
        <metrics statements="21" coveredstatements="16" conditionals="4" coveredconditionals="2" methods="8" coveredmethods="6"/>
        <file name="Description.jsx" path="/Users/austinlau/Documents/GitHub/FrontEnd CapStone/About_Map_Info-module/client/src/components/Description.jsx">
          <metrics statements="7" coveredstatements="5" conditionals="4" coveredconditionals="2" methods="1" coveredmethods="1"/>
          <line num="4" count="1" type="stmt"/>
          <line num="5" count="1" type="stmt"/>
          <line num="6" count="1" type="stmt"/>
          <line num="8" count="1" type="cond" truecount="1" falsecount="1"/>
          <line num="9" count="0" type="stmt"/>
          <line num="15" count="1" type="cond" truecount="1" falsecount="1"/>
          <line num="16" count="0" type="stmt"/>
        </file>
        <file name="LeftAbout.jsx" path="/Users/austinlau/Documents/GitHub/FrontEnd CapStone/About_Map_Info-module/client/src/components/LeftAbout.jsx">
          <metrics statements="2" coveredstatements="2" conditionals="0" coveredconditionals="0" methods="1" coveredmethods="1"/>
          <line num="3" count="1" type="stmt"/>
          <line num="4" count="1" type="stmt"/>
        </file>
        <file name="Map.jsx" path="/Users/austinlau/Documents/GitHub/FrontEnd CapStone/About_Map_Info-module/client/src/components/Map.jsx">
          <metrics statements="2" coveredstatements="2" conditionals="0" coveredconditionals="0" methods="1" coveredmethods="1"/>
          <line num="4" count="1" type="stmt"/>
          <line num="5" count="1" type="stmt"/>
        </file>
        <file name="Ratings.jsx" path="/Users/austinlau/Documents/GitHub/FrontEnd CapStone/About_Map_Info-module/client/src/components/Ratings.jsx">
          <metrics statements="2" coveredstatements="2" conditionals="0" coveredconditionals="0" methods="1" coveredmethods="1"/>
          <line num="4" count="1" type="stmt"/>
          <line num="5" count="1" type="stmt"/>
        </file>
        <file name="RightAbout.jsx" path="/Users/austinlau/Documents/GitHub/FrontEnd CapStone/About_Map_Info-module/client/src/components/RightAbout.jsx">
          <metrics statements="2" coveredstatements="2" conditionals="0" coveredconditionals="0" methods="1" coveredmethods="1"/>
          <line num="5" count="1" type="stmt"/>
          <line num="6" count="1" type="stmt"/>
        </file>
        <file name="Title.jsx" path="/Users/austinlau/Documents/GitHub/FrontEnd CapStone/About_Map_Info-module/client/src/components/Title.jsx">
          <metrics statements="2" coveredstatements="2" conditionals="0" coveredconditionals="0" methods="1" coveredmethods="1"/>
          <line num="4" count="1" type="stmt"/>
          <line num="5" count="1" type="stmt"/>
        </file>
        <file name="TopTags.jsx" path="/Users/austinlau/Documents/GitHub/FrontEnd CapStone/About_Map_Info-module/client/src/components/TopTags.jsx">
          <metrics statements="4" coveredstatements="1" conditionals="0" coveredconditionals="0" methods="2" coveredmethods="0"/>
          <line num="4" count="1" type="stmt"/>
          <line num="5" count="0" type="stmt"/>
          <line num="6" count="0" type="stmt"/>
          <line num="12" count="0" type="stmt"/>
        </file>
      </package>
      <package name="database">
        <metrics statements="63" coveredstatements="63" conditionals="2" coveredconditionals="2" methods="11" coveredmethods="11"/>
        <file name="dataGenerator.js" path="/Users/austinlau/Documents/GitHub/FrontEnd CapStone/About_Map_Info-module/database/dataGenerator.js">
          <metrics statements="63" coveredstatements="63" conditionals="2" coveredconditionals="2" methods="11" coveredmethods="11"/>
          <line num="1" count="1" type="stmt"/>
          <line num="2" count="1" type="stmt"/>
          <line num="8" count="1" type="stmt"/>
          <line num="11" count="1" type="stmt"/>
          <line num="12" count="201" type="stmt"/>
          <line num="13" count="201" type="stmt"/>
          <line num="17" count="1" type="stmt"/>
          <line num="18" count="201" type="stmt"/>
          <line num="19" count="201" type="stmt"/>
          <line num="23" count="1" type="stmt"/>
          <line num="24" count="201" type="stmt"/>
          <line num="25" count="201" type="stmt"/>
          <line num="26" count="201" type="stmt"/>
          <line num="27" count="201" type="stmt"/>
          <line num="31" count="1" type="stmt"/>
          <line num="32" count="201" type="stmt"/>
          <line num="33" count="201" type="stmt"/>
          <line num="34" count="201" type="stmt"/>
          <line num="38" count="1" type="stmt"/>
          <line num="39" count="200" type="stmt"/>
          <line num="43" count="1" type="stmt"/>
          <line num="44" count="201" type="stmt"/>
          <line num="45" count="201" type="stmt"/>
          <line num="49" count="1" type="stmt"/>
          <line num="50" count="201" type="stmt"/>
          <line num="51" count="201" type="stmt"/>
          <line num="52" count="201" type="stmt"/>
          <line num="53" count="201" type="stmt"/>
          <line num="54" count="201" type="stmt"/>
          <line num="55" count="201" type="stmt"/>
          <line num="56" count="201" type="stmt"/>
          <line num="57" count="201" type="stmt"/>
          <line num="58" count="201" type="stmt"/>
          <line num="62" count="1" type="stmt"/>
          <line num="63" count="200" type="stmt"/>
          <line num="70" count="200" type="stmt"/>
          <line num="71" count="200" type="stmt"/>
          <line num="75" count="1" type="stmt"/>
          <line num="76" count="601" type="stmt"/>
          <line num="77" count="601" type="stmt"/>
          <line num="78" count="601" type="cond" truecount="2" falsecount="0"/>
          <line num="79" count="402" type="stmt"/>
          <line num="81" count="199" type="stmt"/>
          <line num="86" count="1" type="stmt"/>
          <line num="87" count="601" type="stmt"/>
          <line num="88" count="601" type="stmt"/>
          <line num="93" count="1" type="stmt"/>
          <line num="95" count="1" type="stmt"/>
          <line num="96" count="1" type="stmt"/>
          <line num="97" count="200" type="stmt"/>
          <line num="152" count="200" type="stmt"/>
          <line num="155" count="1" type="stmt"/>
          <line num="159" count="1" type="stmt"/>
          <line num="160" count="1" type="stmt"/>
          <line num="161" count="1" type="stmt"/>
          <line num="162" count="1" type="stmt"/>
          <line num="163" count="1" type="stmt"/>
          <line num="164" count="1" type="stmt"/>
          <line num="165" count="1" type="stmt"/>
          <line num="166" count="1" type="stmt"/>
          <line num="167" count="1" type="stmt"/>
          <line num="168" count="1" type="stmt"/>
          <line num="169" count="1" type="stmt"/>
        </file>
      </package>
      <package name="test_setup">
        <metrics statements="4" coveredstatements="4" conditionals="0" coveredconditionals="0" methods="0" coveredmethods="0"/>
        <file name="jestsetup.js" path="/Users/austinlau/Documents/GitHub/FrontEnd CapStone/About_Map_Info-module/test_setup/jestsetup.js">
          <metrics statements="4" coveredstatements="4" conditionals="0" coveredconditionals="0" methods="0" coveredmethods="0"/>
          <line num="4" count="2" type="stmt"/>
          <line num="6" count="2" type="stmt"/>
          <line num="7" count="2" type="stmt"/>
          <line num="8" count="2" type="stmt"/>
        </file>
      </package>
    </metrics>
  </project>
</coverage>
