{"/Users/austinlau/Documents/GitHub/FrontEnd CapStone/About_Map_Info-module/client/src/components/Description.jsx": {"path":"/Users/austinlau/Documents/GitHub/FrontEnd CapStone/About_Map_Info-module/client/src/components/Description.jsx","statementMap":{"0":{"start":{"line":4,"column":20},"end":{"line":22,"column":1}},"1":{"start":{"line":5,"column":13},"end":{"line":5,"column":41}},"2":{"start":{"line":6,"column":13},"end":{"line":6,"column":72}},"3":{"start":{"line":8,"column":2},"end":{"line":21,"column":3}},"4":{"start":{"line":9,"column":4},"end":{"line":13,"column":5}},"5":{"start":{"line":15,"column":7},"end":{"line":21,"column":3}},"6":{"start":{"line":16,"column":4},"end":{"line":20,"column":5}}},"fnMap":{"0":{"name":"(anonymous_0)","decl":{"start":{"line":4,"column":20},"end":{"line":4,"column":21}},"loc":{"start":{"line":4,"column":31},"end":{"line":22,"column":1}},"line":4}},"branchMap":{"0":{"loc":{"start":{"line":8,"column":2},"end":{"line":21,"column":3}},"type":"if","locations":[{"start":{"line":8,"column":2},"end":{"line":21,"column":3}},{"start":{"line":8,"column":2},"end":{"line":21,"column":3}}],"line":8},"1":{"loc":{"start":{"line":15,"column":7},"end":{"line":21,"column":3}},"type":"if","locations":[{"start":{"line":15,"column":7},"end":{"line":21,"column":3}},{"start":{"line":15,"column":7},"end":{"line":21,"column":3}}],"line":15}},"s":{"0":1,"1":1,"2":1,"3":1,"4":0,"5":1,"6":0},"f":{"0":1},"b":{"0":[0,1],"1":[0,1]},"_coverageSchema":"332fd63041d2c1bcb487cc26dd0d5f7d97098a6c","hash":"dbacd24b24b670293cab3dfbb23cfb729c031a10"}
,"/Users/austinlau/Documents/GitHub/FrontEnd CapStone/About_Map_Info-module/client/src/components/LeftAbout.jsx": {"path":"/Users/austinlau/Documents/GitHub/FrontEnd CapStone/About_Map_Info-module/client/src/components/LeftAbout.jsx","statementMap":{"0":{"start":{"line":3,"column":18},"end":{"line":30,"column":1}},"1":{"start":{"line":4,"column":2},"end":{"line":29,"column":9}}},"fnMap":{"0":{"name":"(anonymous_0)","decl":{"start":{"line":3,"column":18},"end":{"line":3,"column":19}},"loc":{"start":{"line":4,"column":2},"end":{"line":29,"column":9}},"line":4}},"branchMap":{},"s":{"0":1,"1":1},"f":{"0":1},"b":{},"_coverageSchema":"332fd63041d2c1bcb487cc26dd0d5f7d97098a6c","hash":"91d9243fc4af93176d200f905f6b164d690a994e"}
,"/Users/austinlau/Documents/GitHub/FrontEnd CapStone/About_Map_Info-module/client/src/components/Map.jsx": {"path":"/Users/austinlau/Documents/GitHub/FrontEnd CapStone/About_Map_Info-module/client/src/components/Map.jsx","statementMap":{"0":{"start":{"line":4,"column":13},"end":{"line":10,"column":1}},"1":{"start":{"line":5,"column":2},"end":{"line":9,"column":3}}},"fnMap":{"0":{"name":"(anonymous_0)","decl":{"start":{"line":4,"column":13},"end":{"line":4,"column":14}},"loc":{"start":{"line":4,"column":24},"end":{"line":10,"column":1}},"line":4}},"branchMap":{},"s":{"0":1,"1":1},"f":{"0":1},"b":{},"_coverageSchema":"332fd63041d2c1bcb487cc26dd0d5f7d97098a6c","hash":"8ea0926b745179777ce1d6b1a328f61a7cc390fa"}
,"/Users/austinlau/Documents/GitHub/FrontEnd CapStone/About_Map_Info-module/client/src/components/Ratings.jsx": {"path":"/Users/austinlau/Documents/GitHub/FrontEnd CapStone/About_Map_Info-module/client/src/components/Ratings.jsx","statementMap":{"0":{"start":{"line":4,"column":16},"end":{"line":23,"column":1}},"1":{"start":{"line":5,"column":2},"end":{"line":22,"column":4}}},"fnMap":{"0":{"name":"(anonymous_0)","decl":{"start":{"line":4,"column":16},"end":{"line":4,"column":17}},"loc":{"start":{"line":4,"column":27},"end":{"line":23,"column":1}},"line":4}},"branchMap":{},"s":{"0":1,"1":1},"f":{"0":1},"b":{},"_coverageSchema":"332fd63041d2c1bcb487cc26dd0d5f7d97098a6c","hash":"8cf19e207687101c2dd2a63a6fee83988f8af53f"}
,"/Users/austinlau/Documents/GitHub/FrontEnd CapStone/About_Map_Info-module/client/src/components/RightAbout.jsx": {"path":"/Users/austinlau/Documents/GitHub/FrontEnd CapStone/About_Map_Info-module/client/src/components/RightAbout.jsx","statementMap":{"0":{"start":{"line":5,"column":19},"end":{"line":17,"column":1}},"1":{"start":{"line":6,"column":2},"end":{"line":16,"column":9}}},"fnMap":{"0":{"name":"(anonymous_0)","decl":{"start":{"line":5,"column":19},"end":{"line":5,"column":20}},"loc":{"start":{"line":6,"column":2},"end":{"line":16,"column":9}},"line":6}},"branchMap":{},"s":{"0":1,"1":1},"f":{"0":1},"b":{},"_coverageSchema":"332fd63041d2c1bcb487cc26dd0d5f7d97098a6c","hash":"675d3a542b8897b6e972958e6fd9baf1450d3312"}
,"/Users/austinlau/Documents/GitHub/FrontEnd CapStone/About_Map_Info-module/client/src/components/Title.jsx": {"path":"/Users/austinlau/Documents/GitHub/FrontEnd CapStone/About_Map_Info-module/client/src/components/Title.jsx","statementMap":{"0":{"start":{"line":4,"column":14},"end":{"line":10,"column":1}},"1":{"start":{"line":5,"column":2},"end":{"line":9,"column":3}}},"fnMap":{"0":{"name":"(anonymous_0)","decl":{"start":{"line":4,"column":14},"end":{"line":4,"column":15}},"loc":{"start":{"line":4,"column":25},"end":{"line":10,"column":1}},"line":4}},"branchMap":{},"s":{"0":1,"1":1},"f":{"0":1},"b":{},"_coverageSchema":"332fd63041d2c1bcb487cc26dd0d5f7d97098a6c","hash":"850f0010870d7bfb9eb387a72cf46b127bf4915a"}
,"/Users/austinlau/Documents/GitHub/FrontEnd CapStone/About_Map_Info-module/client/src/components/TopTags.jsx": {"path":"/Users/austinlau/Documents/GitHub/FrontEnd CapStone/About_Map_Info-module/client/src/components/TopTags.jsx","statementMap":{"0":{"start":{"line":4,"column":16},"end":{"line":19,"column":1}},"1":{"start":{"line":5,"column":2},"end":{"line":5,"column":57}},"2":{"start":{"line":6,"column":2},"end":{"line":18,"column":3}},"3":{"start":{"line":12,"column":12},"end":{"line":13,"column":100}}},"fnMap":{"0":{"name":"(anonymous_0)","decl":{"start":{"line":4,"column":16},"end":{"line":4,"column":17}},"loc":{"start":{"line":4,"column":27},"end":{"line":19,"column":1}},"line":4},"1":{"name":"(anonymous_1)","decl":{"start":{"line":11,"column":40},"end":{"line":11,"column":41}},"loc":{"start":{"line":11,"column":56},"end":{"line":14,"column":11}},"line":11}},"branchMap":{},"s":{"0":1,"1":0,"2":0,"3":0},"f":{"0":0,"1":0},"b":{},"_coverageSchema":"332fd63041d2c1bcb487cc26dd0d5f7d97098a6c","hash":"f618df202be003ae38d9905ba9f4f45d2b8da353"}
,"/Users/austinlau/Documents/GitHub/FrontEnd CapStone/About_Map_Info-module/database/dataGenerator.js": {"path":"/Users/austinlau/Documents/GitHub/FrontEnd CapStone/About_Map_Info-module/database/dataGenerator.js","statementMap":{"0":{"start":{"line":1,"column":14},"end":{"line":1,"column":30}},"1":{"start":{"line":2,"column":17},"end":{"line":2,"column":36}},"2":{"start":{"line":8,"column":14},"end":{"line":8,"column":15}},"3":{"start":{"line":11,"column":16},"end":{"line":14,"column":1}},"4":{"start":{"line":12,"column":19},"end":{"line":12,"column":57}},"5":{"start":{"line":13,"column":2},"end":{"line":13,"column":42}},"6":{"start":{"line":17,"column":15},"end":{"line":20,"column":1}},"7":{"start":{"line":18,"column":19},"end":{"line":18,"column":60}},"8":{"start":{"line":19,"column":2},"end":{"line":19,"column":42}},"9":{"start":{"line":23,"column":18},"end":{"line":28,"column":1}},"10":{"start":{"line":24,"column":17},"end":{"line":24,"column":66}},"11":{"start":{"line":25,"column":20},"end":{"line":25,"column":69}},"12":{"start":{"line":26,"column":19},"end":{"line":26,"column":71}},"13":{"start":{"line":27,"column":2},"end":{"line":27,"column":55}},"14":{"start":{"line":31,"column":17},"end":{"line":35,"column":1}},"15":{"start":{"line":32,"column":12},"end":{"line":32,"column":56}},"16":{"start":{"line":33,"column":12},"end":{"line":33,"column":60}},"17":{"start":{"line":34,"column":2},"end":{"line":34,"column":29}},"18":{"start":{"line":38,"column":14},"end":{"line":40,"column":1}},"19":{"start":{"line":39,"column":2},"end":{"line":39,"column":55}},"20":{"start":{"line":43,"column":14},"end":{"line":46,"column":1}},"21":{"start":{"line":44,"column":24},"end":{"line":44,"column":57}},"22":{"start":{"line":45,"column":2},"end":{"line":45,"column":30}},"23":{"start":{"line":49,"column":14},"end":{"line":59,"column":1}},"24":{"start":{"line":50,"column":21},"end":{"line":50,"column":121}},"25":{"start":{"line":51,"column":22},"end":{"line":51,"column":57}},"26":{"start":{"line":52,"column":22},"end":{"line":52,"column":57}},"27":{"start":{"line":53,"column":22},"end":{"line":53,"column":57}},"28":{"start":{"line":54,"column":29},"end":{"line":54,"column":58}},"29":{"start":{"line":55,"column":29},"end":{"line":55,"column":58}},"30":{"start":{"line":56,"column":29},"end":{"line":56,"column":58}},"31":{"start":{"line":57,"column":13},"end":{"line":57,"column":190}},"32":{"start":{"line":58,"column":2},"end":{"line":58,"column":14}},"33":{"start":{"line":62,"column":10},"end":{"line":72,"column":1}},"34":{"start":{"line":63,"column":12},"end":{"line":69,"column":3}},"35":{"start":{"line":70,"column":21},"end":{"line":70,"column":50}},"36":{"start":{"line":71,"column":2},"end":{"line":71,"column":27}},"37":{"start":{"line":75,"column":18},"end":{"line":83,"column":1}},"38":{"start":{"line":76,"column":16},"end":{"line":76,"column":59}},"39":{"start":{"line":77,"column":16},"end":{"line":77,"column":62}},"40":{"start":{"line":78,"column":2},"end":{"line":82,"column":3}},"41":{"start":{"line":79,"column":4},"end":{"line":79,"column":41}},"42":{"start":{"line":81,"column":4},"end":{"line":81,"column":41}},"43":{"start":{"line":86,"column":18},"end":{"line":89,"column":1}},"44":{"start":{"line":87,"column":16},"end":{"line":87,"column":60}},"45":{"start":{"line":88,"column":2},"end":{"line":88,"column":34}},"46":{"start":{"line":93,"column":23},"end":{"line":156,"column":1}},"47":{"start":{"line":95,"column":13},"end":{"line":95,"column":15}},"48":{"start":{"line":96,"column":2},"end":{"line":153,"column":3}},"49":{"start":{"line":97,"column":4},"end":{"line":151,"column":7}},"50":{"start":{"line":152,"column":4},"end":{"line":152,"column":14}},"51":{"start":{"line":155,"column":2},"end":{"line":155,"column":14}},"52":{"start":{"line":159,"column":0},"end":{"line":159,"column":51}},"53":{"start":{"line":160,"column":0},"end":{"line":160,"column":37}},"54":{"start":{"line":161,"column":0},"end":{"line":161,"column":35}},"55":{"start":{"line":162,"column":0},"end":{"line":162,"column":41}},"56":{"start":{"line":163,"column":0},"end":{"line":163,"column":39}},"57":{"start":{"line":164,"column":0},"end":{"line":164,"column":33}},"58":{"start":{"line":165,"column":0},"end":{"line":165,"column":33}},"59":{"start":{"line":166,"column":0},"end":{"line":166,"column":33}},"60":{"start":{"line":167,"column":0},"end":{"line":167,"column":25}},"61":{"start":{"line":168,"column":0},"end":{"line":168,"column":41}},"62":{"start":{"line":169,"column":0},"end":{"line":169,"column":41}}},"fnMap":{"0":{"name":"(anonymous_0)","decl":{"start":{"line":11,"column":16},"end":{"line":11,"column":17}},"loc":{"start":{"line":11,"column":22},"end":{"line":14,"column":1}},"line":11},"1":{"name":"(anonymous_1)","decl":{"start":{"line":17,"column":15},"end":{"line":17,"column":16}},"loc":{"start":{"line":17,"column":21},"end":{"line":20,"column":1}},"line":17},"2":{"name":"(anonymous_2)","decl":{"start":{"line":23,"column":18},"end":{"line":23,"column":19}},"loc":{"start":{"line":23,"column":24},"end":{"line":28,"column":1}},"line":23},"3":{"name":"(anonymous_3)","decl":{"start":{"line":31,"column":17},"end":{"line":31,"column":18}},"loc":{"start":{"line":31,"column":23},"end":{"line":35,"column":1}},"line":31},"4":{"name":"(anonymous_4)","decl":{"start":{"line":38,"column":14},"end":{"line":38,"column":15}},"loc":{"start":{"line":38,"column":20},"end":{"line":40,"column":1}},"line":38},"5":{"name":"(anonymous_5)","decl":{"start":{"line":43,"column":14},"end":{"line":43,"column":15}},"loc":{"start":{"line":43,"column":20},"end":{"line":46,"column":1}},"line":43},"6":{"name":"(anonymous_6)","decl":{"start":{"line":49,"column":14},"end":{"line":49,"column":15}},"loc":{"start":{"line":49,"column":20},"end":{"line":59,"column":1}},"line":49},"7":{"name":"(anonymous_7)","decl":{"start":{"line":62,"column":10},"end":{"line":62,"column":11}},"loc":{"start":{"line":62,"column":16},"end":{"line":72,"column":1}},"line":62},"8":{"name":"(anonymous_8)","decl":{"start":{"line":75,"column":18},"end":{"line":75,"column":19}},"loc":{"start":{"line":75,"column":24},"end":{"line":83,"column":1}},"line":75},"9":{"name":"(anonymous_9)","decl":{"start":{"line":86,"column":18},"end":{"line":86,"column":19}},"loc":{"start":{"line":86,"column":24},"end":{"line":89,"column":1}},"line":86},"10":{"name":"(anonymous_10)","decl":{"start":{"line":93,"column":23},"end":{"line":93,"column":24}},"loc":{"start":{"line":93,"column":29},"end":{"line":156,"column":1}},"line":93}},"branchMap":{"0":{"loc":{"start":{"line":78,"column":2},"end":{"line":82,"column":3}},"type":"if","locations":[{"start":{"line":78,"column":2},"end":{"line":82,"column":3}},{"start":{"line":78,"column":2},"end":{"line":82,"column":3}}],"line":78}},"s":{"0":1,"1":1,"2":1,"3":1,"4":201,"5":201,"6":1,"7":201,"8":201,"9":1,"10":201,"11":201,"12":201,"13":201,"14":1,"15":201,"16":201,"17":201,"18":1,"19":200,"20":1,"21":201,"22":201,"23":1,"24":201,"25":201,"26":201,"27":201,"28":201,"29":201,"30":201,"31":201,"32":201,"33":1,"34":200,"35":200,"36":200,"37":1,"38":601,"39":601,"40":601,"41":402,"42":199,"43":1,"44":601,"45":601,"46":1,"47":1,"48":1,"49":200,"50":200,"51":1,"52":1,"53":1,"54":1,"55":1,"56":1,"57":1,"58":1,"59":1,"60":1,"61":1,"62":1},"f":{"0":201,"1":201,"2":201,"3":201,"4":200,"5":201,"6":201,"7":200,"8":601,"9":601,"10":1},"b":{"0":[402,199]},"_coverageSchema":"332fd63041d2c1bcb487cc26dd0d5f7d97098a6c","hash":"941c4e786c66e37e4c890ab849677f22850ffa3f"}
,"/Users/austinlau/Documents/GitHub/FrontEnd CapStone/About_Map_Info-module/test_setup/jestsetup.js": {"path":"/Users/austinlau/Documents/GitHub/FrontEnd CapStone/About_Map_Info-module/test_setup/jestsetup.js","statementMap":{"0":{"start":{"line":4,"column":0},"end":{"line":4,"column":45}},"1":{"start":{"line":6,"column":0},"end":{"line":6,"column":25}},"2":{"start":{"line":7,"column":0},"end":{"line":7,"column":23}},"3":{"start":{"line":8,"column":0},"end":{"line":8,"column":21}}},"fnMap":{},"branchMap":{},"s":{"0":2,"1":2,"2":2,"3":2},"f":{},"b":{},"_coverageSchema":"332fd63041d2c1bcb487cc26dd0d5f7d97098a6c","hash":"d9d170e0065005287cbe3cb06d006711a62e8440"}
}
