TN:
SF:/Users/austinlau/Documents/GitHub/FrontEnd CapStone/About_Map_Info-module/client/src/components/Description.jsx
FN:4,(anonymous_0)
FNF:1
FNH:1
FNDA:1,(anonymous_0)
DA:4,1
DA:5,1
DA:6,1
DA:8,1
DA:9,0
DA:15,1
DA:16,0
LF:7
LH:5
BRDA:8,0,0,0
BRDA:8,0,1,1
BRDA:15,1,0,0
BRDA:15,1,1,1
BRF:4
BRH:2
end_of_record
TN:
SF:/Users/austinlau/Documents/GitHub/FrontEnd CapStone/About_Map_Info-module/client/src/components/LeftAbout.jsx
FN:3,(anonymous_0)
FNF:1
FNH:1
FNDA:1,(anonymous_0)
DA:3,1
DA:4,1
LF:2
LH:2
BRF:0
BRH:0
end_of_record
TN:
SF:/Users/austinlau/Documents/GitHub/FrontEnd CapStone/About_Map_Info-module/client/src/components/Map.jsx
FN:4,(anonymous_0)
FNF:1
FNH:1
FNDA:1,(anonymous_0)
DA:4,1
DA:5,1
LF:2
LH:2
BRF:0
BRH:0
end_of_record
TN:
SF:/Users/austinlau/Documents/GitHub/FrontEnd CapStone/About_Map_Info-module/client/src/components/Ratings.jsx
FN:4,(anonymous_0)
FNF:1
FNH:1
FNDA:1,(anonymous_0)
DA:4,1
DA:5,1
LF:2
LH:2
BRF:0
BRH:0
end_of_record
TN:
SF:/Users/austinlau/Documents/GitHub/FrontEnd CapStone/About_Map_Info-module/client/src/components/RightAbout.jsx
FN:5,(anonymous_0)
FNF:1
FNH:1
FNDA:1,(anonymous_0)
DA:5,1
DA:6,1
LF:2
LH:2
BRF:0
BRH:0
end_of_record
TN:
SF:/Users/austinlau/Documents/GitHub/FrontEnd CapStone/About_Map_Info-module/client/src/components/Title.jsx
FN:4,(anonymous_0)
FNF:1
FNH:1
FNDA:1,(anonymous_0)
DA:4,1
DA:5,1
LF:2
LH:2
BRF:0
BRH:0
end_of_record
TN:
SF:/Users/austinlau/Documents/GitHub/FrontEnd CapStone/About_Map_Info-module/client/src/components/TopTags.jsx
FN:4,(anonymous_0)
FN:11,(anonymous_1)
FNF:2
FNH:0
FNDA:0,(anonymous_0)
FNDA:0,(anonymous_1)
DA:4,1
DA:5,0
DA:6,0
DA:12,0
LF:4
LH:1
BRF:0
BRH:0
end_of_record
TN:
SF:/Users/austinlau/Documents/GitHub/FrontEnd CapStone/About_Map_Info-module/database/dataGenerator.js
FN:11,(anonymous_0)
FN:17,(anonymous_1)
FN:23,(anonymous_2)
FN:31,(anonymous_3)
FN:38,(anonymous_4)
FN:43,(anonymous_5)
FN:49,(anonymous_6)
FN:62,(anonymous_7)
FN:75,(anonymous_8)
FN:86,(anonymous_9)
FN:93,(anonymous_10)
FNF:11
FNH:11
FNDA:201,(anonymous_0)
FNDA:201,(anonymous_1)
FNDA:201,(anonymous_2)
FNDA:201,(anonymous_3)
FNDA:200,(anonymous_4)
FNDA:201,(anonymous_5)
FNDA:201,(anonymous_6)
FNDA:200,(anonymous_7)
FNDA:601,(anonymous_8)
FNDA:601,(anonymous_9)
FNDA:1,(anonymous_10)
DA:1,1
DA:2,1
DA:8,1
DA:11,1
DA:12,201
DA:13,201
DA:17,1
DA:18,201
DA:19,201
DA:23,1
DA:24,201
DA:25,201
DA:26,201
DA:27,201
DA:31,1
DA:32,201
DA:33,201
DA:34,201
DA:38,1
DA:39,200
DA:43,1
DA:44,201
DA:45,201
DA:49,1
DA:50,201
DA:51,201
DA:52,201
DA:53,201
DA:54,201
DA:55,201
DA:56,201
DA:57,201
DA:58,201
DA:62,1
DA:63,200
DA:70,200
DA:71,200
DA:75,1
DA:76,601
DA:77,601
DA:78,601
DA:79,402
DA:81,199
DA:86,1
DA:87,601
DA:88,601
DA:93,1
DA:95,1
DA:96,1
DA:97,200
DA:152,200
DA:155,1
DA:159,1
DA:160,1
DA:161,1
DA:162,1
DA:163,1
DA:164,1
DA:165,1
DA:166,1
DA:167,1
DA:168,1
DA:169,1
LF:63
LH:63
BRDA:78,0,0,402
BRDA:78,0,1,199
BRF:2
BRH:2
end_of_record
TN:
SF:/Users/austinlau/Documents/GitHub/FrontEnd CapStone/About_Map_Info-module/test_setup/jestsetup.js
FNF:0
FNH:0
DA:4,2
DA:6,2
DA:7,2
DA:8,2
LF:4
LH:4
BRF:0
BRH:0
end_of_record
